0 verbose cli /usr/local/Cellar/node/25.2.1/bin/node /usr/local/bin/npm
1 info using npm@11.6.2
2 info using node@v25.2.1
3 silly config load:file:/usr/local/lib/node_modules/npm/npmrc
4 silly config load:file:/Users/brentbryson/Desktop/mini-rag/frontend-react/.npmrc
5 silly config load:file:/Users/brentbryson/Desktop/mini-rag/.npmrc
6 silly config load:file:/usr/local/etc/npmrc
7 verbose title npm install @vitejs/plugin-react
8 verbose argv "install" "--save-dev" "@vitejs/plugin-react"
9 verbose logfile logs-max:10 dir:/Users/brentbryson/Desktop/mini-rag/.npm/_logs/2025-11-24T08_29_42_462Z-
10 verbose logfile /Users/brentbryson/Desktop/mini-rag/.npm/_logs/2025-11-24T08_29_42_462Z-debug-0.log
11 silly logfile done cleaning log files
12 silly packumentCache heap:4496293888 maxSize:1124073472 maxEntrySize:562036736
13 verbose shrinkwrap failed to load node_modules/.package-lock.json out of date, updated: node_modules
14 silly idealTree buildDeps
15 silly fetch manifest @vitejs/plugin-react@*
16 silly packumentCache full:https://registry.npmjs.org/@vitejs%2fplugin-react cache-miss
17 http fetch GET 200 https://registry.npmjs.org/@vitejs%2fplugin-react 342ms (cache miss)
18 silly packumentCache full:https://registry.npmjs.org/@vitejs%2fplugin-react set size:undefined disposed:false
19 silly fetch manifest vite@^5.3.1
20 silly packumentCache full:https://registry.npmjs.org/vite cache-miss
21 http fetch GET 200 https://registry.npmjs.org/vite 134ms (cache revalidated)
22 silly packumentCache full:https://registry.npmjs.org/vite set size:38619752 disposed:false
23 silly fetch manifest @types/node@^18.0.0 || >=20.0.0
24 silly packumentCache full:https://registry.npmjs.org/@types%2fnode cache-miss
25 http fetch GET 200 https://registry.npmjs.org/@types%2fnode 88ms (cache revalidated)
26 silly packumentCache full:https://registry.npmjs.org/@types%2fnode set size:10693501 disposed:false
27 silly fetch manifest less@*
28 silly packumentCache full:https://registry.npmjs.org/less cache-miss
29 http fetch GET 200 https://registry.npmjs.org/less 56ms (cache revalidated)
30 silly packumentCache full:https://registry.npmjs.org/less set size:425893 disposed:false
31 silly fetch manifest lightningcss@^1.21.0
32 silly packumentCache full:https://registry.npmjs.org/lightningcss cache-miss
33 http fetch GET 200 https://registry.npmjs.org/lightningcss 56ms (cache revalidated)
34 silly packumentCache full:https://registry.npmjs.org/lightningcss set size:173815 disposed:false
35 silly fetch manifest sass@*
36 silly packumentCache full:https://registry.npmjs.org/sass cache-miss
37 http fetch GET 200 https://registry.npmjs.org/sass 65ms (cache revalidated)
38 silly packumentCache full:https://registry.npmjs.org/sass set size:705319 disposed:false
39 silly fetch manifest sass-embedded@*
40 silly packumentCache full:https://registry.npmjs.org/sass-embedded cache-miss
41 http fetch GET 200 https://registry.npmjs.org/sass-embedded 59ms (cache revalidated)
42 silly packumentCache full:https://registry.npmjs.org/sass-embedded set size:382956 disposed:false
43 silly fetch manifest stylus@*
44 silly packumentCache full:https://registry.npmjs.org/stylus cache-miss
45 http fetch GET 200 https://registry.npmjs.org/stylus 58ms (cache revalidated)
46 silly packumentCache full:https://registry.npmjs.org/stylus set size:286766 disposed:false
47 silly fetch manifest sugarss@*
48 silly packumentCache full:https://registry.npmjs.org/sugarss cache-miss
49 http fetch GET 200 https://registry.npmjs.org/sugarss 62ms (cache revalidated)
50 silly packumentCache full:https://registry.npmjs.org/sugarss set size:44975 disposed:false
51 silly fetch manifest postcss@^8.3.3
52 silly packumentCache full:https://registry.npmjs.org/postcss cache-miss
53 http fetch GET 200 https://registry.npmjs.org/postcss 58ms (cache revalidated)
54 silly packumentCache full:https://registry.npmjs.org/postcss set size:696248 disposed:false
55 silly fetch manifest terser@^5.4.0
56 silly packumentCache full:https://registry.npmjs.org/terser cache-miss
57 http fetch GET 200 https://registry.npmjs.org/terser 56ms (cache revalidated)
58 silly packumentCache full:https://registry.npmjs.org/terser set size:780033 disposed:false
59 silly placeDep ROOT @vitejs/plugin-react@5.1.1 OK for: mini-rag-frontend@0.1.0 want: *
60 silly fetch manifest @babel/core@^7.28.5
61 silly packumentCache full:https://registry.npmjs.org/@babel%2fcore cache-miss
62 silly fetch manifest @babel/plugin-transform-react-jsx-self@^7.27.1
63 silly packumentCache full:https://registry.npmjs.org/@babel%2fplugin-transform-react-jsx-self cache-miss
64 silly fetch manifest @babel/plugin-transform-react-jsx-source@^7.27.1
65 silly packumentCache full:https://registry.npmjs.org/@babel%2fplugin-transform-react-jsx-source cache-miss
66 silly fetch manifest @rolldown/pluginutils@1.0.0-beta.47
67 silly packumentCache full:https://registry.npmjs.org/@rolldown%2fpluginutils cache-miss
68 silly fetch manifest @types/babel__core@^7.20.5
69 silly packumentCache full:https://registry.npmjs.org/@types%2fbabel__core cache-miss
70 silly fetch manifest react-refresh@^0.18.0
71 silly packumentCache full:https://registry.npmjs.org/react-refresh cache-miss
72 http fetch GET 200 https://registry.npmjs.org/@babel%2fplugin-transform-react-jsx-self 80ms (cache miss)
73 silly packumentCache full:https://registry.npmjs.org/@babel%2fplugin-transform-react-jsx-self set size:undefined disposed:false
74 http fetch GET 200 https://registry.npmjs.org/@types%2fbabel__core 165ms (cache miss)
75 silly packumentCache full:https://registry.npmjs.org/@types%2fbabel__core set size:undefined disposed:false
76 http fetch GET 200 https://registry.npmjs.org/@babel%2fplugin-transform-react-jsx-source 177ms (cache miss)
77 silly packumentCache full:https://registry.npmjs.org/@babel%2fplugin-transform-react-jsx-source set size:undefined disposed:false
78 http fetch GET 200 https://registry.npmjs.org/@babel%2fcore 189ms (cache miss)
79 silly packumentCache full:https://registry.npmjs.org/@babel%2fcore set size:undefined disposed:false
80 http fetch GET 200 https://registry.npmjs.org/@rolldown%2fpluginutils 194ms (cache miss)
81 silly packumentCache full:https://registry.npmjs.org/@rolldown%2fpluginutils set size:undefined disposed:false
82 http fetch GET 200 https://registry.npmjs.org/react-refresh 292ms (cache miss)
83 silly packumentCache full:https://registry.npmjs.org/react-refresh set size:undefined disposed:false
84 silly placeDep ROOT @babel/core@7.28.5 OK for: @vitejs/plugin-react@5.1.1 want: ^7.28.5
85 silly placeDep ROOT @babel/plugin-transform-react-jsx-self@7.27.1 OK for: @vitejs/plugin-react@5.1.1 want: ^7.27.1
86 silly placeDep ROOT @babel/plugin-transform-react-jsx-source@7.27.1 OK for: @vitejs/plugin-react@5.1.1 want: ^7.27.1
87 silly placeDep ROOT @rolldown/pluginutils@1.0.0-beta.47 OK for: @vitejs/plugin-react@5.1.1 want: 1.0.0-beta.47
88 silly placeDep ROOT @types/babel__core@7.20.5 OK for: @vitejs/plugin-react@5.1.1 want: ^7.20.5
89 silly placeDep ROOT react-refresh@0.18.0 OK for: @vitejs/plugin-react@5.1.1 want: ^0.18.0
90 silly fetch manifest @babel/code-frame@^7.27.1
91 silly packumentCache full:https://registry.npmjs.org/@babel%2fcode-frame cache-miss
92 silly fetch manifest @babel/generator@^7.28.5
93 silly packumentCache full:https://registry.npmjs.org/@babel%2fgenerator cache-miss
94 silly fetch manifest @babel/helper-compilation-targets@^7.27.2
95 silly packumentCache full:https://registry.npmjs.org/@babel%2fhelper-compilation-targets cache-miss
96 silly fetch manifest @babel/helper-module-transforms@^7.28.3
97 silly packumentCache full:https://registry.npmjs.org/@babel%2fhelper-module-transforms cache-miss
98 silly fetch manifest @babel/helpers@^7.28.4
99 silly packumentCache full:https://registry.npmjs.org/@babel%2fhelpers cache-miss
100 silly fetch manifest @babel/parser@^7.28.5
101 silly packumentCache full:https://registry.npmjs.org/@babel%2fparser cache-miss
102 silly fetch manifest @babel/template@^7.27.2
103 silly packumentCache full:https://registry.npmjs.org/@babel%2ftemplate cache-miss
104 silly fetch manifest @babel/traverse@^7.28.5
105 silly packumentCache full:https://registry.npmjs.org/@babel%2ftraverse cache-miss
106 silly fetch manifest @babel/types@^7.28.5
107 silly packumentCache full:https://registry.npmjs.org/@babel%2ftypes cache-miss
108 silly fetch manifest @jridgewell/remapping@^2.3.5
109 silly packumentCache full:https://registry.npmjs.org/@jridgewell%2fremapping cache-miss
110 silly fetch manifest convert-source-map@^2.0.0
111 silly packumentCache full:https://registry.npmjs.org/convert-source-map cache-miss
112 http fetch GET 200 https://registry.npmjs.org/@babel%2fhelper-module-transforms 81ms (cache miss)
113 silly packumentCache full:https://registry.npmjs.org/@babel%2fhelper-module-transforms set size:undefined disposed:false
114 silly fetch manifest gensync@^1.0.0-beta.2
115 silly packumentCache full:https://registry.npmjs.org/gensync cache-miss
116 http fetch GET 200 https://registry.npmjs.org/@babel%2fcode-frame 99ms (cache miss)
117 silly packumentCache full:https://registry.npmjs.org/@babel%2fcode-frame set size:undefined disposed:false
118 silly fetch manifest json5@^2.2.3
119 silly packumentCache full:https://registry.npmjs.org/json5 cache-miss
120 http fetch GET 200 https://registry.npmjs.org/@babel%2fhelper-compilation-targets 103ms (cache miss)
121 silly packumentCache full:https://registry.npmjs.org/@babel%2fhelper-compilation-targets set size:undefined disposed:false
122 silly fetch manifest semver@^6.3.1
123 silly packumentCache full:https://registry.npmjs.org/semver cache-miss
124 http fetch GET 200 https://registry.npmjs.org/@babel%2fhelpers 106ms (cache miss)
125 silly packumentCache full:https://registry.npmjs.org/@babel%2fhelpers set size:undefined disposed:false
126 silly fetch manifest @babel/helper-plugin-utils@^7.27.1
127 silly packumentCache full:https://registry.npmjs.org/@babel%2fhelper-plugin-utils cache-miss
128 http fetch GET 200 https://registry.npmjs.org/@babel%2ftemplate 108ms (cache miss)
129 silly packumentCache full:https://registry.npmjs.org/@babel%2ftemplate set size:undefined disposed:false
130 silly fetch manifest @babel/helper-plugin-utils@^7.27.1
131 silly packumentCache full:https://registry.npmjs.org/@babel%2fhelper-plugin-utils cache-miss
132 http fetch GET 200 https://registry.npmjs.org/@babel%2fgenerator 118ms (cache miss)
133 silly packumentCache full:https://registry.npmjs.org/@babel%2fgenerator set size:undefined disposed:false
134 silly fetch manifest @babel/types@^7.20.7
135 silly packumentCache full:https://registry.npmjs.org/@babel%2ftypes cache-miss
136 http fetch GET 200 https://registry.npmjs.org/gensync 55ms (cache miss)
137 silly packumentCache full:https://registry.npmjs.org/gensync set size:undefined disposed:false
138 silly fetch manifest @babel/parser@^7.20.7
139 silly packumentCache full:https://registry.npmjs.org/@babel%2fparser cache-miss
140 http fetch GET 200 https://registry.npmjs.org/json5 57ms (cache miss)
141 silly packumentCache full:https://registry.npmjs.org/json5 set size:undefined disposed:false
142 silly fetch manifest @types/babel__template@*
143 silly packumentCache full:https://registry.npmjs.org/@types%2fbabel__template cache-miss
144 http fetch GET 200 https://registry.npmjs.org/semver 56ms (cache revalidated)
145 silly packumentCache full:https://registry.npmjs.org/semver set size:226907 disposed:false
146 silly fetch manifest @types/babel__traverse@*
147 silly packumentCache full:https://registry.npmjs.org/@types%2fbabel__traverse cache-miss
148 http fetch GET 200 https://registry.npmjs.org/@babel%2fhelper-plugin-utils 66ms (cache miss)
149 silly packumentCache full:https://registry.npmjs.org/@babel%2fhelper-plugin-utils set size:undefined disposed:false
150 silly fetch manifest @types/babel__generator@*
151 silly packumentCache full:https://registry.npmjs.org/@types%2fbabel__generator cache-miss
152 http fetch GET 200 https://registry.npmjs.org/@babel%2ftypes 187ms (cache miss)
153 silly packumentCache full:https://registry.npmjs.org/@babel%2ftypes set size:undefined disposed:false
154 http fetch GET 200 https://registry.npmjs.org/@babel%2ftypes 72ms (cache miss)
155 silly packumentCache full:https://registry.npmjs.org/@babel%2ftypes set size:undefined disposed:false
156 http fetch GET 200 https://registry.npmjs.org/@babel%2fhelper-plugin-utils 94ms (cache miss)
157 silly packumentCache full:https://registry.npmjs.org/@babel%2fhelper-plugin-utils set size:undefined disposed:false
158 http fetch GET 200 https://registry.npmjs.org/@babel%2fparser 75ms (cache miss)
159 silly packumentCache full:https://registry.npmjs.org/@babel%2fparser set size:undefined disposed:false
160 http fetch GET 200 https://registry.npmjs.org/@babel%2ftraverse 220ms (cache miss)
161 silly packumentCache full:https://registry.npmjs.org/@babel%2ftraverse set size:undefined disposed:false
162 http fetch GET 200 https://registry.npmjs.org/@types%2fbabel__template 74ms (cache miss)
163 silly packumentCache full:https://registry.npmjs.org/@types%2fbabel__template set size:undefined disposed:false
164 http fetch GET 200 https://registry.npmjs.org/@babel%2fparser 233ms (cache miss)
165 silly packumentCache full:https://registry.npmjs.org/@babel%2fparser set size:undefined disposed:false
166 http fetch GET 200 https://registry.npmjs.org/@types%2fbabel__traverse 74ms (cache miss)
167 silly packumentCache full:https://registry.npmjs.org/@types%2fbabel__traverse set size:undefined disposed:false
168 http fetch GET 200 https://registry.npmjs.org/@types%2fbabel__generator 64ms (cache miss)
169 silly packumentCache full:https://registry.npmjs.org/@types%2fbabel__generator set size:undefined disposed:false
170 http fetch GET 200 https://registry.npmjs.org/@jridgewell%2fremapping 238ms (cache miss)
171 silly packumentCache full:https://registry.npmjs.org/@jridgewell%2fremapping set size:undefined disposed:false
172 http fetch GET 200 https://registry.npmjs.org/convert-source-map 249ms (cache miss)
173 silly packumentCache full:https://registry.npmjs.org/convert-source-map set size:undefined disposed:false
174 silly fetch manifest @babel/core@^7.0.0
175 silly packumentCache full:https://registry.npmjs.org/@babel%2fcore cache-miss
176 http cache https://registry.npmjs.org/@babel%2fcore 3ms (cache hit)
177 silly packumentCache full:https://registry.npmjs.org/@babel%2fcore set size:738278 disposed:false
178 silly placeDep ROOT @babel/code-frame@7.27.1 OK for: @babel/core@7.28.5 want: ^7.27.1
179 silly placeDep ROOT @babel/generator@7.28.5 OK for: @babel/core@7.28.5 want: ^7.28.5
180 silly placeDep ROOT @babel/helper-compilation-targets@7.27.2 OK for: @babel/core@7.28.5 want: ^7.27.2
181 silly placeDep ROOT @babel/helper-module-transforms@7.28.3 OK for: @babel/core@7.28.5 want: ^7.28.3
182 silly placeDep ROOT @babel/helpers@7.28.4 OK for: @babel/core@7.28.5 want: ^7.28.4
183 silly placeDep ROOT @babel/parser@7.28.5 OK for: @babel/core@7.28.5 want: ^7.28.5
184 silly placeDep ROOT @babel/template@7.27.2 OK for: @babel/core@7.28.5 want: ^7.27.2
185 silly placeDep ROOT @babel/traverse@7.28.5 OK for: @babel/core@7.28.5 want: ^7.28.5
186 silly placeDep ROOT @babel/types@7.28.5 OK for: @babel/core@7.28.5 want: ^7.28.5
187 silly placeDep ROOT @jridgewell/remapping@2.3.5 OK for: @babel/core@7.28.5 want: ^2.3.5
188 silly placeDep ROOT convert-source-map@2.0.0 OK for: @babel/core@7.28.5 want: ^2.0.0
189 silly placeDep ROOT gensync@1.0.0-beta.2 OK for: @babel/core@7.28.5 want: ^1.0.0-beta.2
190 silly placeDep ROOT json5@2.2.3 OK for: @babel/core@7.28.5 want: ^2.2.3
191 silly placeDep node_modules/@babel/core semver@6.3.1 OK for: @babel/core@7.28.5 want: ^6.3.1
192 silly fetch manifest @babel/helper-validator-identifier@^7.27.1
193 silly packumentCache full:https://registry.npmjs.org/@babel%2fhelper-validator-identifier cache-miss
194 silly fetch manifest @jridgewell/gen-mapping@^0.3.12
195 silly packumentCache full:https://registry.npmjs.org/@jridgewell%2fgen-mapping cache-miss
196 silly fetch manifest @jridgewell/trace-mapping@^0.3.28
197 silly packumentCache full:https://registry.npmjs.org/@jridgewell%2ftrace-mapping cache-miss
198 silly fetch manifest jsesc@^3.0.2
199 silly packumentCache full:https://registry.npmjs.org/jsesc cache-miss
200 silly fetch manifest lru-cache@^5.1.1
201 silly packumentCache full:https://registry.npmjs.org/lru-cache cache-miss
202 silly fetch manifest browserslist@^4.24.0
203 silly packumentCache full:https://registry.npmjs.org/browserslist cache-miss
204 silly fetch manifest @babel/compat-data@^7.27.2
205 silly packumentCache full:https://registry.npmjs.org/@babel%2fcompat-data cache-miss
206 silly fetch manifest @babel/helper-validator-option@^7.27.1
207 silly packumentCache full:https://registry.npmjs.org/@babel%2fhelper-validator-option cache-miss
208 silly fetch manifest @babel/traverse@^7.28.3
209 silly packumentCache full:https://registry.npmjs.org/@babel%2ftraverse cache-miss
210 silly fetch manifest @babel/helper-module-imports@^7.27.1
211 silly packumentCache full:https://registry.npmjs.org/@babel%2fhelper-module-imports cache-miss
212 silly fetch manifest @babel/helper-validator-identifier@^7.27.1
213 silly packumentCache full:https://registry.npmjs.org/@babel%2fhelper-validator-identifier cache-miss
214 http cache https://registry.npmjs.org/@babel%2ftraverse 7ms (cache hit)
215 silly packumentCache full:https://registry.npmjs.org/@babel%2ftraverse set size:535703 disposed:false
216 silly fetch manifest @babel/types@^7.28.4
217 silly packumentCache full:https://registry.npmjs.org/@babel%2ftypes cache-miss
218 http cache https://registry.npmjs.org/@babel%2ftypes 2ms (cache hit)
219 silly packumentCache full:https://registry.npmjs.org/@babel%2ftypes set size:475698 disposed:false
220 silly fetch manifest @babel/types@^7.27.1
221 silly packumentCache full:https://registry.npmjs.org/@babel%2ftypes cache-hit
222 silly fetch manifest @babel/helper-globals@^7.28.0
223 silly packumentCache full:https://registry.npmjs.org/@babel%2fhelper-globals cache-miss
224 http fetch GET 200 https://registry.npmjs.org/jsesc 61ms (cache miss)
225 silly packumentCache full:https://registry.npmjs.org/jsesc set size:undefined disposed:false
226 silly fetch manifest @babel/helper-string-parser@^7.27.1
227 silly packumentCache full:https://registry.npmjs.org/@babel%2fhelper-string-parser cache-miss
228 http fetch GET 200 https://registry.npmjs.org/@babel%2fhelper-globals 57ms (cache miss)
229 silly packumentCache full:https://registry.npmjs.org/@babel%2fhelper-globals set size:undefined disposed:false
230 silly fetch manifest @babel/helper-validator-identifier@^7.28.5
231 silly packumentCache full:https://registry.npmjs.org/@babel%2fhelper-validator-identifier cache-miss
232 http fetch GET 200 https://registry.npmjs.org/@babel%2fhelper-validator-identifier 73ms (cache miss)
233 silly packumentCache full:https://registry.npmjs.org/@babel%2fhelper-validator-identifier set size:undefined disposed:false
234 silly fetch manifest @jridgewell/gen-mapping@^0.3.5
235 silly packumentCache full:https://registry.npmjs.org/@jridgewell%2fgen-mapping cache-miss
236 http fetch GET 200 https://registry.npmjs.org/@babel%2fhelper-validator-option 77ms (cache miss)
237 silly packumentCache full:https://registry.npmjs.org/@babel%2fhelper-validator-option set size:undefined disposed:false
238 silly fetch manifest @jridgewell/trace-mapping@^0.3.24
239 silly packumentCache full:https://registry.npmjs.org/@jridgewell%2ftrace-mapping cache-miss
240 http fetch GET 200 https://registry.npmjs.org/@babel%2fhelper-validator-identifier 82ms (cache miss)
241 silly packumentCache full:https://registry.npmjs.org/@babel%2fhelper-validator-identifier set size:undefined disposed:false
242 http fetch GET 200 https://registry.npmjs.org/@jridgewell%2ftrace-mapping 84ms (cache miss)
243 silly packumentCache full:https://registry.npmjs.org/@jridgewell%2ftrace-mapping set size:undefined disposed:false
244 http fetch GET 200 https://registry.npmjs.org/@babel%2fcompat-data 85ms (cache miss)
245 silly packumentCache full:https://registry.npmjs.org/@babel%2fcompat-data set size:undefined disposed:false
246 http cache https://registry.npmjs.org/@babel%2fhelper-validator-identifier 15ms (cache hit)
247 silly packumentCache full:https://registry.npmjs.org/@babel%2fhelper-validator-identifier set size:108996 disposed:false
248 http cache https://registry.npmjs.org/@jridgewell%2ftrace-mapping 12ms (cache hit)
249 silly packumentCache full:https://registry.npmjs.org/@jridgewell%2ftrace-mapping set size:170909 disposed:false
250 http fetch GET 200 https://registry.npmjs.org/@babel%2fhelper-module-imports 92ms (cache miss)
251 silly packumentCache full:https://registry.npmjs.org/@babel%2fhelper-module-imports set size:undefined disposed:false
252 http fetch GET 200 https://registry.npmjs.org/@jridgewell%2fgen-mapping 96ms (cache miss)
253 silly packumentCache full:https://registry.npmjs.org/@jridgewell%2fgen-mapping set size:undefined disposed:false
254 http fetch GET 200 https://registry.npmjs.org/browserslist 99ms (cache miss)
255 silly packumentCache full:https://registry.npmjs.org/browserslist set size:undefined disposed:false
256 http fetch GET 200 https://registry.npmjs.org/lru-cache 120ms (cache miss)
257 silly packumentCache full:https://registry.npmjs.org/lru-cache set size:undefined disposed:false
258 http fetch GET 200 https://registry.npmjs.org/@jridgewell%2fgen-mapping 76ms (cache miss)
259 silly packumentCache full:https://registry.npmjs.org/@jridgewell%2fgen-mapping set size:undefined disposed:false
260 http fetch GET 200 https://registry.npmjs.org/@babel%2fhelper-string-parser 99ms (cache miss)
261 silly packumentCache full:https://registry.npmjs.org/@babel%2fhelper-string-parser set size:undefined disposed:false
262 silly placeDep ROOT @babel/helper-validator-identifier@7.28.5 OK for: @babel/code-frame@7.27.1 want: ^7.27.1
263 silly placeDep ROOT @jridgewell/gen-mapping@0.3.13 OK for: @babel/generator@7.28.5 want: ^0.3.12
264 silly placeDep ROOT @jridgewell/trace-mapping@0.3.31 OK for: @babel/generator@7.28.5 want: ^0.3.28
265 silly placeDep ROOT jsesc@3.1.0 OK for: @babel/generator@7.28.5 want: ^3.0.2
266 silly fetch manifest @jridgewell/sourcemap-codec@^1.5.0
267 silly packumentCache full:https://registry.npmjs.org/@jridgewell%2fsourcemap-codec cache-miss
268 silly fetch manifest @jridgewell/resolve-uri@^3.1.0
269 silly packumentCache full:https://registry.npmjs.org/@jridgewell%2fresolve-uri cache-miss
270 silly fetch manifest @jridgewell/sourcemap-codec@^1.4.14
271 silly packumentCache full:https://registry.npmjs.org/@jridgewell%2fsourcemap-codec cache-miss
272 http fetch GET 200 https://registry.npmjs.org/@jridgewell%2fresolve-uri 65ms (cache miss)
273 silly packumentCache full:https://registry.npmjs.org/@jridgewell%2fresolve-uri set size:undefined disposed:false
274 http fetch GET 200 https://registry.npmjs.org/@jridgewell%2fsourcemap-codec 75ms (cache miss)
275 silly packumentCache full:https://registry.npmjs.org/@jridgewell%2fsourcemap-codec set size:undefined disposed:false
276 http fetch GET 200 https://registry.npmjs.org/@jridgewell%2fsourcemap-codec 93ms (cache miss)
277 silly packumentCache full:https://registry.npmjs.org/@jridgewell%2fsourcemap-codec set size:undefined disposed:false
278 silly placeDep ROOT @babel/compat-data@7.28.5 OK for: @babel/helper-compilation-targets@7.27.2 want: ^7.27.2
279 silly placeDep ROOT @babel/helper-validator-option@7.27.1 OK for: @babel/helper-compilation-targets@7.27.2 want: ^7.27.1
280 silly placeDep ROOT browserslist@4.28.0 OK for: @babel/helper-compilation-targets@7.27.2 want: ^4.24.0
281 silly placeDep ROOT lru-cache@5.1.1 OK for: @babel/helper-compilation-targets@7.27.2 want: ^5.1.1
282 silly placeDep node_modules/@babel/helper-compilation-targets semver@6.3.1 OK for: @babel/helper-compilation-targets@7.27.2 want: ^6.3.1
283 silly fetch manifest baseline-browser-mapping@^2.8.25
284 silly packumentCache full:https://registry.npmjs.org/baseline-browser-mapping cache-miss
285 silly fetch manifest caniuse-lite@^1.0.30001754
286 silly packumentCache full:https://registry.npmjs.org/caniuse-lite cache-miss
287 silly fetch manifest electron-to-chromium@^1.5.249
288 silly packumentCache full:https://registry.npmjs.org/electron-to-chromium cache-miss
289 silly fetch manifest node-releases@^2.0.27
290 silly packumentCache full:https://registry.npmjs.org/node-releases cache-miss
291 silly fetch manifest update-browserslist-db@^1.1.4
292 silly packumentCache full:https://registry.npmjs.org/update-browserslist-db cache-miss
293 silly fetch manifest yallist@^3.0.2
294 silly packumentCache full:https://registry.npmjs.org/yallist cache-miss
295 http fetch GET 200 https://registry.npmjs.org/yallist 59ms (cache miss)
296 silly packumentCache full:https://registry.npmjs.org/yallist set size:undefined disposed:false
297 http fetch GET 200 https://registry.npmjs.org/baseline-browser-mapping 63ms (cache miss)
298 silly packumentCache full:https://registry.npmjs.org/baseline-browser-mapping set size:undefined disposed:false
299 http fetch GET 200 https://registry.npmjs.org/update-browserslist-db 65ms (cache miss)
300 silly packumentCache full:https://registry.npmjs.org/update-browserslist-db set size:undefined disposed:false
301 http fetch GET 200 https://registry.npmjs.org/node-releases 69ms (cache miss)
302 silly packumentCache full:https://registry.npmjs.org/node-releases set size:undefined disposed:false
303 http fetch GET 200 https://registry.npmjs.org/caniuse-lite 116ms (cache miss)
304 silly packumentCache full:https://registry.npmjs.org/caniuse-lite set size:undefined disposed:false
305 http fetch GET 200 https://registry.npmjs.org/electron-to-chromium 162ms (cache miss)
306 silly packumentCache full:https://registry.npmjs.org/electron-to-chromium set size:undefined disposed:false
307 silly placeDep ROOT @babel/helper-module-imports@7.27.1 OK for: @babel/helper-module-transforms@7.28.3 want: ^7.27.1
308 silly placeDep ROOT @babel/helper-plugin-utils@7.27.1 OK for: @babel/plugin-transform-react-jsx-self@7.27.1 want: ^7.27.1
309 silly placeDep ROOT @babel/helper-globals@7.28.0 OK for: @babel/traverse@7.28.5 want: ^7.28.0
310 silly placeDep ROOT @babel/helper-string-parser@7.27.1 OK for: @babel/types@7.28.5 want: ^7.27.1
311 silly placeDep ROOT @jridgewell/sourcemap-codec@1.5.5 OK for: @jridgewell/gen-mapping@0.3.13 want: ^1.5.0
312 silly placeDep ROOT @jridgewell/resolve-uri@3.1.2 OK for: @jridgewell/trace-mapping@0.3.31 want: ^3.1.0
313 silly placeDep ROOT @types/babel__generator@7.27.0 OK for: @types/babel__core@7.20.5 want: *
314 silly placeDep ROOT @types/babel__template@7.4.4 OK for: @types/babel__core@7.20.5 want: *
315 silly placeDep ROOT @types/babel__traverse@7.28.0 OK for: @types/babel__core@7.20.5 want: *
316 silly fetch manifest browserslist@>= 4.21.0
317 silly packumentCache full:https://registry.npmjs.org/browserslist cache-miss
318 http cache https://registry.npmjs.org/browserslist 3ms (cache hit)
319 silly packumentCache full:https://registry.npmjs.org/browserslist set size:500962 disposed:false
320 silly placeDep ROOT baseline-browser-mapping@2.8.31 OK for: browserslist@4.28.0 want: ^2.8.25
321 silly placeDep ROOT caniuse-lite@1.0.30001757 OK for: browserslist@4.28.0 want: ^1.0.30001754
322 silly placeDep ROOT electron-to-chromium@1.5.259 OK for: browserslist@4.28.0 want: ^1.5.249
323 silly placeDep ROOT node-releases@2.0.27 OK for: browserslist@4.28.0 want: ^2.0.27
324 silly placeDep ROOT update-browserslist-db@1.1.4 OK for: browserslist@4.28.0 want: ^1.1.4
325 silly fetch manifest escalade@^3.2.0
326 silly packumentCache full:https://registry.npmjs.org/escalade cache-miss
327 http fetch GET 200 https://registry.npmjs.org/escalade 48ms (cache miss)
328 silly packumentCache full:https://registry.npmjs.org/escalade set size:undefined disposed:false
329 silly placeDep ROOT yallist@3.1.1 OK for: lru-cache@5.1.1 want: ^3.0.2
330 silly placeDep ROOT escalade@3.2.0 OK for: update-browserslist-db@1.1.4 want: ^3.2.0
331 silly reify moves {}
332 silly audit bulk request {
332 silly audit   '@esbuild/aix-ppc64': [ '0.21.5' ],
332 silly audit   '@esbuild/android-arm': [ '0.21.5' ],
332 silly audit   '@esbuild/android-arm64': [ '0.21.5' ],
332 silly audit   '@esbuild/android-x64': [ '0.21.5' ],
332 silly audit   '@esbuild/darwin-arm64': [ '0.21.5' ],
332 silly audit   '@esbuild/darwin-x64': [ '0.21.5' ],
332 silly audit   '@esbuild/freebsd-arm64': [ '0.21.5' ],
332 silly audit   '@esbuild/freebsd-x64': [ '0.21.5' ],
332 silly audit   '@esbuild/linux-arm': [ '0.21.5' ],
332 silly audit   '@esbuild/linux-arm64': [ '0.21.5' ],
332 silly audit   '@esbuild/linux-ia32': [ '0.21.5' ],
332 silly audit   '@esbuild/linux-loong64': [ '0.21.5' ],
332 silly audit   '@esbuild/linux-mips64el': [ '0.21.5' ],
332 silly audit   '@esbuild/linux-ppc64': [ '0.21.5' ],
332 silly audit   '@esbuild/linux-riscv64': [ '0.21.5' ],
332 silly audit   '@esbuild/linux-s390x': [ '0.21.5' ],
332 silly audit   '@esbuild/linux-x64': [ '0.21.5' ],
332 silly audit   '@esbuild/netbsd-x64': [ '0.21.5' ],
332 silly audit   '@esbuild/openbsd-x64': [ '0.21.5' ],
332 silly audit   '@esbuild/sunos-x64': [ '0.21.5' ],
332 silly audit   '@esbuild/win32-arm64': [ '0.21.5' ],
332 silly audit   '@esbuild/win32-ia32': [ '0.21.5' ],
332 silly audit   '@esbuild/win32-x64': [ '0.21.5' ],
332 silly audit   '@eslint-community/eslint-utils': [ '4.9.0' ],
332 silly audit   '@eslint-community/regexpp': [ '4.12.2' ],
332 silly audit   '@eslint/eslintrc': [ '2.1.4' ],
332 silly audit   'brace-expansion': [ '1.1.12', '2.0.2' ],
332 silly audit   minimatch: [ '3.1.2', '9.0.5' ],
332 silly audit   '@eslint/js': [ '8.57.1' ],
332 silly audit   '@humanwhocodes/config-array': [ '0.13.0' ],
332 silly audit   '@humanwhocodes/module-importer': [ '1.0.1' ],
332 silly audit   '@humanwhocodes/object-schema': [ '2.0.3' ],
332 silly audit   '@nodelib/fs.scandir': [ '2.1.5' ],
332 silly audit   '@nodelib/fs.stat': [ '2.0.5' ],
332 silly audit   '@nodelib/fs.walk': [ '1.2.8' ],
332 silly audit   '@rollup/rollup-android-arm-eabi': [ '4.53.3' ],
332 silly audit   '@rollup/rollup-android-arm64': [ '4.53.3' ],
332 silly audit   '@rollup/rollup-darwin-arm64': [ '4.53.3' ],
332 silly audit   '@rollup/rollup-darwin-x64': [ '4.53.3' ],
332 silly audit   '@rollup/rollup-freebsd-arm64': [ '4.53.3' ],
332 silly audit   '@rollup/rollup-freebsd-x64': [ '4.53.3' ],
332 silly audit   '@rollup/rollup-linux-arm-gnueabihf': [ '4.53.3' ],
332 silly audit   '@rollup/rollup-linux-arm-musleabihf': [ '4.53.3' ],
332 silly audit   '@rollup/rollup-linux-arm64-gnu': [ '4.53.3' ],
332 silly audit   '@rollup/rollup-linux-arm64-musl': [ '4.53.3' ],
332 silly audit   '@rollup/rollup-linux-loong64-gnu': [ '4.53.3' ],
332 silly audit   '@rollup/rollup-linux-ppc64-gnu': [ '4.53.3' ],
332 silly audit   '@rollup/rollup-linux-riscv64-gnu': [ '4.53.3' ],
332 silly audit   '@rollup/rollup-linux-riscv64-musl': [ '4.53.3' ],
332 silly audit   '@rollup/rollup-linux-s390x-gnu': [ '4.53.3' ],
332 silly audit   '@rollup/rollup-linux-x64-gnu': [ '4.53.3' ],
332 silly audit   '@rollup/rollup-linux-x64-musl': [ '4.53.3' ],
332 silly audit   '@rollup/rollup-openharmony-arm64': [ '4.53.3' ],
332 silly audit   '@rollup/rollup-win32-arm64-msvc': [ '4.53.3' ],
332 silly audit   '@rollup/rollup-win32-ia32-msvc': [ '4.53.3' ],
332 silly audit   '@rollup/rollup-win32-x64-gnu': [ '4.53.3' ],
332 silly audit   '@rollup/rollup-win32-x64-msvc': [ '4.53.3' ],
332 silly audit   '@types/estree': [ '1.0.8' ],
332 silly audit   '@types/prop-types': [ '15.7.15' ],
332 silly audit   '@types/react': [ '18.3.27' ],
332 silly audit   '@types/react-dom': [ '18.3.7' ],
332 silly audit   '@typescript-eslint/eslint-plugin': [ '7.18.0' ],
332 silly audit   '@typescript-eslint/parser': [ '7.18.0' ],
332 silly audit   '@typescript-eslint/scope-manager': [ '7.18.0' ],
332 silly audit   '@typescript-eslint/type-utils': [ '7.18.0' ],
332 silly audit   '@typescript-eslint/types': [ '7.18.0' ],
332 silly audit   '@typescript-eslint/typescript-estree': [ '7.18.0' ],
332 silly audit   '@typescript-eslint/utils': [ '7.18.0' ],
332 silly audit   '@typescript-eslint/visitor-keys': [ '7.18.0' ],
332 silly audit   '@ungap/structured-clone': [ '1.3.0' ],
332 silly audit   acorn: [ '8.15.0' ],
332 silly audit   'acorn-jsx': [ '5.3.2' ],
332 silly audit   ajv: [ '6.12.6' ],
332 silly audit   'ansi-regex': [ '5.0.1' ],
332 silly audit   'ansi-styles': [ '4.3.0' ],
332 silly audit   argparse: [ '2.0.1' ],
332 silly audit   'array-union': [ '2.1.0' ],
332 silly audit   'balanced-match': [ '1.0.2' ],
332 silly audit   braces: [ '3.0.3' ],
332 silly audit   callsites: [ '3.1.0' ],
332 silly audit   chalk: [ '4.1.2' ],
332 silly audit   'color-convert': [ '2.0.1' ],
332 silly audit   'color-name': [ '1.1.4' ],
332 silly audit   'concat-map': [ '0.0.1' ],
332 silly audit   'cross-spawn': [ '7.0.6' ],
332 silly audit   csstype: [ '3.2.3' ],
332 silly audit   debug: [ '4.4.3' ],
332 silly audit   'deep-is': [ '0.1.4' ],
332 silly audit   'dir-glob': [ '3.0.1' ],
332 silly audit   doctrine: [ '3.0.0' ],
332 silly audit   esbuild: [ '0.21.5' ],
332 silly audit   'escape-string-regexp': [ '4.0.0' ],
332 silly audit   eslint: [ '8.57.1' ],
332 silly audit   'eslint-plugin-react-hooks': [ '4.6.2' ],
332 silly audit   'eslint-plugin-react-refresh': [ '0.4.24' ],
332 silly audit   'eslint-scope': [ '7.2.2' ],
332 silly audit   'eslint-visitor-keys': [ '3.4.3' ],
332 silly audit   espree: [ '9.6.1' ],
332 silly audit   esquery: [ '1.6.0' ],
332 silly audit   esrecurse: [ '4.3.0' ],
332 silly audit   estraverse: [ '5.3.0' ],
332 silly audit   esutils: [ '2.0.3' ],
332 silly audit   'fast-deep-equal': [ '3.1.3' ],
332 silly audit   'fast-glob': [ '3.3.3' ],
332 silly audit   'glob-parent': [ '5.1.2', '6.0.2' ],
332 silly audit   'fast-json-stable-stringify': [ '2.1.0' ],
332 silly audit   'fast-levenshtein': [ '2.0.6' ],
332 silly audit   fastq: [ '1.19.1' ],
332 silly audit   'file-entry-cache': [ '6.0.1' ],
332 silly audit   'fill-range': [ '7.1.1' ],
332 silly audit   'find-up': [ '5.0.0' ],
332 silly audit   'flat-cache': [ '3.2.0' ],
332 silly audit   flatted: [ '3.3.3' ],
332 silly audit   'fs.realpath': [ '1.0.0' ],
332 silly audit   fsevents: [ '2.3.3' ],
332 silly audit   glob: [ '7.2.3' ],
332 silly audit   globals: [ '13.24.0' ],
332 silly audit   globby: [ '11.1.0' ],
332 silly audit   graphemer: [ '1.4.0' ],
332 silly audit   'has-flag': [ '4.0.0' ],
332 silly audit   ignore: [ '5.3.2' ],
332 silly audit   'import-fresh': [ '3.3.1' ],
332 silly audit   imurmurhash: [ '0.1.4' ],
332 silly audit   inflight: [ '1.0.6' ],
332 silly audit   inherits: [ '2.0.4' ],
332 silly audit   'is-extglob': [ '2.1.1' ],
332 silly audit   'is-glob': [ '4.0.3' ],
332 silly audit   'is-number': [ '7.0.0' ],
332 silly audit   'is-path-inside': [ '3.0.3' ],
332 silly audit   isexe: [ '2.0.0' ],
332 silly audit   'js-tokens': [ '4.0.0' ],
332 silly audit   'js-yaml': [ '4.1.1' ],
332 silly audit   'json-buffer': [ '3.0.1' ],
332 silly audit   'json-schema-traverse': [ '0.4.1' ],
332 silly audit   'json-stable-stringify-without-jsonify': [ '1.0.1' ],
332 silly audit   keyv: [ '4.5.4' ],
332 silly audit   levn: [ '0.4.1' ],
332 silly audit   'locate-path': [ '6.0.0' ],
332 silly audit   'lodash.merge': [ '4.6.2' ],
332 silly audit   'loose-envify': [ '1.4.0' ],
332 silly audit   merge2: [ '1.4.1' ],
332 silly audit   micromatch: [ '4.0.8' ],
332 silly audit   ms: [ '2.1.3' ],
332 silly audit   nanoid: [ '3.3.11' ],
332 silly audit   'natural-compare': [ '1.4.0' ],
332 silly audit   once: [ '1.4.0' ],
332 silly audit   optionator: [ '0.9.4' ],
332 silly audit   'p-limit': [ '3.1.0' ],
332 silly audit   'p-locate': [ '5.0.0' ],
332 silly audit   'parent-module': [ '1.0.1' ],
332 silly audit   'path-exists': [ '4.0.0' ],
332 silly audit   'path-is-absolute': [ '1.0.1' ],
332 silly audit   'path-key': [ '3.1.1' ],
332 silly audit   'path-type': [ '4.0.0' ],
332 silly audit   picocolors: [ '1.1.1' ],
332 silly audit   picomatch: [ '2.3.1' ],
332 silly audit   postcss: [ '8.5.6' ],
332 silly audit   'prelude-ls': [ '1.2.1' ],
332 silly audit   punycode: [ '2.3.1' ],
332 silly audit   'queue-microtask': [ '1.2.3' ],
332 silly audit   react: [ '18.3.1' ],
332 silly audit   'react-dom': [ '18.3.1' ],
332 silly audit   'resolve-from': [ '4.0.0' ],
332 silly audit   reusify: [ '1.1.0' ],
332 silly audit   rimraf: [ '3.0.2' ],
332 silly audit   rollup: [ '4.53.3' ],
332 silly audit   'run-parallel': [ '1.2.0' ],
332 silly audit   scheduler: [ '0.23.2' ],
332 silly audit   semver: [ '7.7.3', '6.3.1' ],
332 silly audit   'shebang-command': [ '2.0.0' ],
332 silly audit   'shebang-regex': [ '3.0.0' ],
332 silly audit   slash: [ '3.0.0' ],
332 silly audit   'source-map-js': [ '1.2.1' ],
332 silly audit   'strip-ansi': [ '6.0.1' ],
332 silly audit   'strip-json-comments': [ '3.1.1' ],
332 silly audit   'supports-color': [ '7.2.0' ],
332 silly audit   'text-table': [ '0.2.0' ],
332 silly audit   'to-regex-range': [ '5.0.1' ],
332 silly audit   'ts-api-utils': [ '1.4.3' ],
332 silly audit   'type-check': [ '0.4.0' ],
332 silly audit   'type-fest': [ '0.20.2' ],
332 silly audit   typescript: [ '5.9.3' ],
332 silly audit   'uri-js': [ '4.4.1' ],
332 silly audit   vite: [ '5.4.21' ],
332 silly audit   which: [ '2.0.2' ],
332 silly audit   'word-wrap': [ '1.2.5' ],
332 silly audit   wrappy: [ '1.0.2' ],
332 silly audit   'yocto-queue': [ '0.1.0' ],
332 silly audit   '@vitejs/plugin-react': [ '5.1.1' ],
332 silly audit   '@babel/core': [ '7.28.5' ],
332 silly audit   '@babel/plugin-transform-react-jsx-self': [ '7.27.1' ],
332 silly audit   '@babel/plugin-transform-react-jsx-source': [ '7.27.1' ],
332 silly audit   '@rolldown/pluginutils': [ '1.0.0-beta.47' ],
332 silly audit   '@types/babel__core': [ '7.20.5' ],
332 silly audit   'react-refresh': [ '0.18.0' ],
332 silly audit   '@babel/code-frame': [ '7.27.1' ],
332 silly audit   '@babel/generator': [ '7.28.5' ],
332 silly audit   '@babel/helper-compilation-targets': [ '7.27.2' ],
332 silly audit   '@babel/helper-module-transforms': [ '7.28.3' ],
332 silly audit   '@babel/helpers': [ '7.28.4' ],
332 silly audit   '@babel/parser': [ '7.28.5' ],
332 silly audit   '@babel/template': [ '7.27.2' ],
332 silly audit   '@babel/traverse': [ '7.28.5' ],
332 silly audit   '@babel/types': [ '7.28.5' ],
332 silly audit   '@jridgewell/remapping': [ '2.3.5' ],
332 silly audit   'convert-source-map': [ '2.0.0' ],
332 silly audit   gensync: [ '1.0.0-beta.2' ],
332 silly audit   json5: [ '2.2.3' ],
332 silly audit   '@babel/helper-validator-identifier': [ '7.28.5' ],
332 silly audit   '@jridgewell/gen-mapping': [ '0.3.13' ],
332 silly audit   '@jridgewell/trace-mapping': [ '0.3.31' ],
332 silly audit   jsesc: [ '3.1.0' ],
332 silly audit   '@babel/compat-data': [ '7.28.5' ],
332 silly audit   '@babel/helper-validator-option': [ '7.27.1' ],
332 silly audit   browserslist: [ '4.28.0' ],
332 silly audit   'lru-cache': [ '5.1.1' ],
332 silly audit   '@babel/helper-module-imports': [ '7.27.1' ],
332 silly audit   '@babel/helper-plugin-utils': [ '7.27.1' ],
332 silly audit   '@babel/helper-globals': [ '7.28.0' ],
332 silly audit   '@babel/helper-string-parser': [ '7.27.1' ],
332 silly audit   '@jridgewell/sourcemap-codec': [ '1.5.5' ],
332 silly audit   '@jridgewell/resolve-uri': [ '3.1.2' ],
332 silly audit   '@types/babel__generator': [ '7.27.0' ],
332 silly audit   '@types/babel__template': [ '7.4.4' ],
332 silly audit   '@types/babel__traverse': [ '7.28.0' ],
332 silly audit   'baseline-browser-mapping': [ '2.8.31' ],
332 silly audit   'caniuse-lite': [ '1.0.30001757' ],
332 silly audit   'electron-to-chromium': [ '1.5.259' ],
332 silly audit   'node-releases': [ '2.0.27' ],
332 silly audit   'update-browserslist-db': [ '1.1.4' ],
332 silly audit   yallist: [ '3.1.1' ],
332 silly audit   escalade: [ '3.2.0' ]
332 silly audit }
333 http cache node-releases@https://registry.npmjs.org/node-releases/-/node-releases-2.0.27.tgz 0ms (cache hit)
334 http cache escalade@https://registry.npmjs.org/escalade/-/escalade-3.2.0.tgz 0ms (cache hit)
335 http cache update-browserslist-db@https://registry.npmjs.org/update-browserslist-db/-/update-browserslist-db-1.1.4.tgz 0ms (cache hit)
336 http cache yallist@https://registry.npmjs.org/yallist/-/yallist-3.1.1.tgz 0ms (cache hit)
337 http cache electron-to-chromium@https://registry.npmjs.org/electron-to-chromium/-/electron-to-chromium-1.5.259.tgz 0ms (cache hit)
338 http cache caniuse-lite@https://registry.npmjs.org/caniuse-lite/-/caniuse-lite-1.0.30001757.tgz 0ms (cache hit)
339 http cache baseline-browser-mapping@https://registry.npmjs.org/baseline-browser-mapping/-/baseline-browser-mapping-2.8.31.tgz 0ms (cache hit)
340 http cache @types/babel__traverse@https://registry.npmjs.org/@types/babel__traverse/-/babel__traverse-7.28.0.tgz 0ms (cache hit)
341 http cache @types/babel__template@https://registry.npmjs.org/@types/babel__template/-/babel__template-7.4.4.tgz 0ms (cache hit)
342 http cache @types/babel__generator@https://registry.npmjs.org/@types/babel__generator/-/babel__generator-7.27.0.tgz 0ms (cache hit)
343 http cache @jridgewell/resolve-uri@https://registry.npmjs.org/@jridgewell/resolve-uri/-/resolve-uri-3.1.2.tgz 0ms (cache hit)
344 http cache @babel/helper-string-parser@https://registry.npmjs.org/@babel/helper-string-parser/-/helper-string-parser-7.27.1.tgz 0ms (cache hit)
345 http cache @jridgewell/sourcemap-codec@https://registry.npmjs.org/@jridgewell/sourcemap-codec/-/sourcemap-codec-1.5.5.tgz 0ms (cache hit)
346 http cache @babel/helper-globals@https://registry.npmjs.org/@babel/helper-globals/-/helper-globals-7.28.0.tgz 0ms (cache hit)
347 http cache @babel/helper-plugin-utils@https://registry.npmjs.org/@babel/helper-plugin-utils/-/helper-plugin-utils-7.27.1.tgz 0ms (cache hit)
348 http cache @babel/helper-module-imports@https://registry.npmjs.org/@babel/helper-module-imports/-/helper-module-imports-7.27.1.tgz 0ms (cache hit)
349 http cache lru-cache@https://registry.npmjs.org/lru-cache/-/lru-cache-5.1.1.tgz 0ms (cache hit)
350 http cache browserslist@https://registry.npmjs.org/browserslist/-/browserslist-4.28.0.tgz 0ms (cache hit)
351 http cache @babel/helper-validator-option@https://registry.npmjs.org/@babel/helper-validator-option/-/helper-validator-option-7.27.1.tgz 0ms (cache hit)
352 http cache @babel/compat-data@https://registry.npmjs.org/@babel/compat-data/-/compat-data-7.28.5.tgz 0ms (cache hit)
353 http cache jsesc@https://registry.npmjs.org/jsesc/-/jsesc-3.1.0.tgz 0ms (cache hit)
354 http cache @jridgewell/trace-mapping@https://registry.npmjs.org/@jridgewell/trace-mapping/-/trace-mapping-0.3.31.tgz 0ms (cache hit)
355 http cache @jridgewell/gen-mapping@https://registry.npmjs.org/@jridgewell/gen-mapping/-/gen-mapping-0.3.13.tgz 0ms (cache hit)
356 http cache @babel/helper-validator-identifier@https://registry.npmjs.org/@babel/helper-validator-identifier/-/helper-validator-identifier-7.28.5.tgz 0ms (cache hit)
357 http cache gensync@https://registry.npmjs.org/gensync/-/gensync-1.0.0-beta.2.tgz 0ms (cache hit)
358 http cache json5@https://registry.npmjs.org/json5/-/json5-2.2.3.tgz 0ms (cache hit)
359 http cache convert-source-map@https://registry.npmjs.org/convert-source-map/-/convert-source-map-2.0.0.tgz 0ms (cache hit)
360 http cache @jridgewell/remapping@https://registry.npmjs.org/@jridgewell/remapping/-/remapping-2.3.5.tgz 0ms (cache hit)
361 http cache @babel/types@https://registry.npmjs.org/@babel/types/-/types-7.28.5.tgz 0ms (cache hit)
362 http cache @babel/template@https://registry.npmjs.org/@babel/template/-/template-7.27.2.tgz 0ms (cache hit)
363 http cache @babel/traverse@https://registry.npmjs.org/@babel/traverse/-/traverse-7.28.5.tgz 0ms (cache hit)
364 http cache @babel/parser@https://registry.npmjs.org/@babel/parser/-/parser-7.28.5.tgz 0ms (cache hit)
365 http cache @babel/helpers@https://registry.npmjs.org/@babel/helpers/-/helpers-7.28.4.tgz 0ms (cache hit)
366 http cache @babel/helper-module-transforms@https://registry.npmjs.org/@babel/helper-module-transforms/-/helper-module-transforms-7.28.3.tgz 0ms (cache hit)
367 http cache @babel/helper-compilation-targets@https://registry.npmjs.org/@babel/helper-compilation-targets/-/helper-compilation-targets-7.27.2.tgz 0ms (cache hit)
368 http cache @babel/generator@https://registry.npmjs.org/@babel/generator/-/generator-7.28.5.tgz 0ms (cache hit)
369 http cache @babel/code-frame@https://registry.npmjs.org/@babel/code-frame/-/code-frame-7.27.1.tgz 0ms (cache hit)
370 http cache react-refresh@https://registry.npmjs.org/react-refresh/-/react-refresh-0.18.0.tgz 0ms (cache hit)
371 http cache @rolldown/pluginutils@https://registry.npmjs.org/@rolldown/pluginutils/-/pluginutils-1.0.0-beta.47.tgz 0ms (cache hit)
372 http cache @types/babel__core@https://registry.npmjs.org/@types/babel__core/-/babel__core-7.20.5.tgz 0ms (cache hit)
373 http cache @babel/plugin-transform-react-jsx-source@https://registry.npmjs.org/@babel/plugin-transform-react-jsx-source/-/plugin-transform-react-jsx-source-7.27.1.tgz 0ms (cache hit)
374 http cache @babel/plugin-transform-react-jsx-self@https://registry.npmjs.org/@babel/plugin-transform-react-jsx-self/-/plugin-transform-react-jsx-self-7.27.1.tgz 0ms (cache hit)
375 http cache @vitejs/plugin-react@https://registry.npmjs.org/@vitejs/plugin-react/-/plugin-react-5.1.1.tgz 0ms (cache hit)
376 http cache fsevents@https://registry.npmjs.org/fsevents/-/fsevents-2.3.3.tgz 0ms (cache hit)
377 http cache @babel/core@https://registry.npmjs.org/@babel/core/-/core-7.28.5.tgz 0ms (cache hit)
378 http cache semver@https://registry.npmjs.org/semver/-/semver-6.3.1.tgz 0ms (cache hit)
379 http cache semver@https://registry.npmjs.org/semver/-/semver-6.3.1.tgz 0ms (cache hit)
380 silly tarball no local data for node-releases@https://registry.npmjs.org/node-releases/-/node-releases-2.0.27.tgz. Extracting by manifest.
381 silly tarball no local data for escalade@https://registry.npmjs.org/escalade/-/escalade-3.2.0.tgz. Extracting by manifest.
382 silly tarball no local data for update-browserslist-db@https://registry.npmjs.org/update-browserslist-db/-/update-browserslist-db-1.1.4.tgz. Extracting by manifest.
383 silly tarball no local data for yallist@https://registry.npmjs.org/yallist/-/yallist-3.1.1.tgz. Extracting by manifest.
384 silly tarball no local data for electron-to-chromium@https://registry.npmjs.org/electron-to-chromium/-/electron-to-chromium-1.5.259.tgz. Extracting by manifest.
385 silly tarball no local data for caniuse-lite@https://registry.npmjs.org/caniuse-lite/-/caniuse-lite-1.0.30001757.tgz. Extracting by manifest.
386 silly tarball no local data for baseline-browser-mapping@https://registry.npmjs.org/baseline-browser-mapping/-/baseline-browser-mapping-2.8.31.tgz. Extracting by manifest.
387 silly tarball no local data for @types/babel__traverse@https://registry.npmjs.org/@types/babel__traverse/-/babel__traverse-7.28.0.tgz. Extracting by manifest.
388 silly tarball no local data for @types/babel__template@https://registry.npmjs.org/@types/babel__template/-/babel__template-7.4.4.tgz. Extracting by manifest.
389 silly tarball no local data for @types/babel__generator@https://registry.npmjs.org/@types/babel__generator/-/babel__generator-7.27.0.tgz. Extracting by manifest.
390 silly tarball no local data for @jridgewell/resolve-uri@https://registry.npmjs.org/@jridgewell/resolve-uri/-/resolve-uri-3.1.2.tgz. Extracting by manifest.
391 silly tarball no local data for @babel/helper-string-parser@https://registry.npmjs.org/@babel/helper-string-parser/-/helper-string-parser-7.27.1.tgz. Extracting by manifest.
392 silly tarball no local data for @jridgewell/sourcemap-codec@https://registry.npmjs.org/@jridgewell/sourcemap-codec/-/sourcemap-codec-1.5.5.tgz. Extracting by manifest.
393 silly tarball no local data for @babel/helper-globals@https://registry.npmjs.org/@babel/helper-globals/-/helper-globals-7.28.0.tgz. Extracting by manifest.
394 silly tarball no local data for @babel/helper-plugin-utils@https://registry.npmjs.org/@babel/helper-plugin-utils/-/helper-plugin-utils-7.27.1.tgz. Extracting by manifest.
395 silly tarball no local data for @babel/helper-module-imports@https://registry.npmjs.org/@babel/helper-module-imports/-/helper-module-imports-7.27.1.tgz. Extracting by manifest.
396 silly tarball no local data for lru-cache@https://registry.npmjs.org/lru-cache/-/lru-cache-5.1.1.tgz. Extracting by manifest.
397 silly tarball no local data for browserslist@https://registry.npmjs.org/browserslist/-/browserslist-4.28.0.tgz. Extracting by manifest.
398 silly tarball no local data for @babel/helper-validator-option@https://registry.npmjs.org/@babel/helper-validator-option/-/helper-validator-option-7.27.1.tgz. Extracting by manifest.
399 silly tarball no local data for @babel/compat-data@https://registry.npmjs.org/@babel/compat-data/-/compat-data-7.28.5.tgz. Extracting by manifest.
400 silly tarball no local data for jsesc@https://registry.npmjs.org/jsesc/-/jsesc-3.1.0.tgz. Extracting by manifest.
401 silly tarball no local data for @jridgewell/trace-mapping@https://registry.npmjs.org/@jridgewell/trace-mapping/-/trace-mapping-0.3.31.tgz. Extracting by manifest.
402 silly tarball no local data for @jridgewell/gen-mapping@https://registry.npmjs.org/@jridgewell/gen-mapping/-/gen-mapping-0.3.13.tgz. Extracting by manifest.
403 silly tarball no local data for @babel/helper-validator-identifier@https://registry.npmjs.org/@babel/helper-validator-identifier/-/helper-validator-identifier-7.28.5.tgz. Extracting by manifest.
404 silly tarball no local data for gensync@https://registry.npmjs.org/gensync/-/gensync-1.0.0-beta.2.tgz. Extracting by manifest.
405 silly tarball no local data for json5@https://registry.npmjs.org/json5/-/json5-2.2.3.tgz. Extracting by manifest.
406 silly tarball no local data for convert-source-map@https://registry.npmjs.org/convert-source-map/-/convert-source-map-2.0.0.tgz. Extracting by manifest.
407 silly tarball no local data for @jridgewell/remapping@https://registry.npmjs.org/@jridgewell/remapping/-/remapping-2.3.5.tgz. Extracting by manifest.
408 silly tarball no local data for @babel/types@https://registry.npmjs.org/@babel/types/-/types-7.28.5.tgz. Extracting by manifest.
409 silly tarball no local data for @babel/template@https://registry.npmjs.org/@babel/template/-/template-7.27.2.tgz. Extracting by manifest.
410 silly tarball no local data for @babel/traverse@https://registry.npmjs.org/@babel/traverse/-/traverse-7.28.5.tgz. Extracting by manifest.
411 silly tarball no local data for @babel/parser@https://registry.npmjs.org/@babel/parser/-/parser-7.28.5.tgz. Extracting by manifest.
412 silly tarball no local data for @babel/helpers@https://registry.npmjs.org/@babel/helpers/-/helpers-7.28.4.tgz. Extracting by manifest.
413 silly tarball no local data for @babel/helper-module-transforms@https://registry.npmjs.org/@babel/helper-module-transforms/-/helper-module-transforms-7.28.3.tgz. Extracting by manifest.
414 silly tarball no local data for @babel/helper-compilation-targets@https://registry.npmjs.org/@babel/helper-compilation-targets/-/helper-compilation-targets-7.27.2.tgz. Extracting by manifest.
415 silly tarball no local data for @babel/generator@https://registry.npmjs.org/@babel/generator/-/generator-7.28.5.tgz. Extracting by manifest.
416 silly tarball no local data for @babel/code-frame@https://registry.npmjs.org/@babel/code-frame/-/code-frame-7.27.1.tgz. Extracting by manifest.
417 silly tarball no local data for react-refresh@https://registry.npmjs.org/react-refresh/-/react-refresh-0.18.0.tgz. Extracting by manifest.
418 silly tarball no local data for @rolldown/pluginutils@https://registry.npmjs.org/@rolldown/pluginutils/-/pluginutils-1.0.0-beta.47.tgz. Extracting by manifest.
419 silly tarball no local data for @types/babel__core@https://registry.npmjs.org/@types/babel__core/-/babel__core-7.20.5.tgz. Extracting by manifest.
420 silly tarball no local data for @babel/plugin-transform-react-jsx-source@https://registry.npmjs.org/@babel/plugin-transform-react-jsx-source/-/plugin-transform-react-jsx-source-7.27.1.tgz. Extracting by manifest.
421 silly tarball no local data for @babel/plugin-transform-react-jsx-self@https://registry.npmjs.org/@babel/plugin-transform-react-jsx-self/-/plugin-transform-react-jsx-self-7.27.1.tgz. Extracting by manifest.
422 silly tarball no local data for @vitejs/plugin-react@https://registry.npmjs.org/@vitejs/plugin-react/-/plugin-react-5.1.1.tgz. Extracting by manifest.
423 silly tarball no local data for @babel/core@https://registry.npmjs.org/@babel/core/-/core-7.28.5.tgz. Extracting by manifest.
424 silly tarball no local data for semver@https://registry.npmjs.org/semver/-/semver-6.3.1.tgz. Extracting by manifest.
425 silly tarball no local data for semver@https://registry.npmjs.org/semver/-/semver-6.3.1.tgz. Extracting by manifest.
426 http fetch POST 200 https://registry.npmjs.org/-/npm/v1/security/advisories/bulk 97ms
427 silly audit report {
427 silly audit report   esbuild: [
427 silly audit report     {
427 silly audit report       id: 1102341,
427 silly audit report       url: 'https://github.com/advisories/GHSA-67mh-4wv8-2f99',
427 silly audit report       title: 'esbuild enables any website to send any requests to the development server and read the response',
427 silly audit report       severity: 'moderate',
427 silly audit report       vulnerable_versions: '<=0.24.2',
427 silly audit report       cwe: [Array],
427 silly audit report       cvss: [Object]
427 silly audit report     }
427 silly audit report   ]
427 silly audit report }
428 silly packumentCache corgi:https://registry.npmjs.org/esbuild cache-miss
429 http fetch GET 200 https://registry.npmjs.org/node-releases/-/node-releases-2.0.27.tgz 99ms (cache miss)
430 http fetch GET 200 https://registry.npmjs.org/update-browserslist-db/-/update-browserslist-db-1.1.4.tgz 116ms (cache miss)
431 http fetch GET 200 https://registry.npmjs.org/yallist/-/yallist-3.1.1.tgz 121ms (cache miss)
432 http fetch GET 200 https://registry.npmjs.org/@types/babel__traverse/-/babel__traverse-7.28.0.tgz 123ms (cache miss)
433 http fetch GET 200 https://registry.npmjs.org/@types/babel__generator/-/babel__generator-7.27.0.tgz 123ms (cache miss)
434 http fetch GET 200 https://registry.npmjs.org/escalade/-/escalade-3.2.0.tgz 128ms (cache miss)
435 http fetch GET 200 https://registry.npmjs.org/@types/babel__template/-/babel__template-7.4.4.tgz 124ms (cache miss)
436 http fetch GET 200 https://registry.npmjs.org/electron-to-chromium/-/electron-to-chromium-1.5.259.tgz 130ms (cache miss)
437 http fetch GET 200 https://registry.npmjs.org/baseline-browser-mapping/-/baseline-browser-mapping-2.8.31.tgz 133ms (cache miss)
438 http fetch GET 200 https://registry.npmjs.org/@babel/helper-plugin-utils/-/helper-plugin-utils-7.27.1.tgz 130ms (cache miss)
439 http fetch GET 200 https://registry.npmjs.org/lru-cache/-/lru-cache-5.1.1.tgz 140ms (cache miss)
440 http fetch GET 200 https://registry.npmjs.org/browserslist/-/browserslist-4.28.0.tgz 143ms (cache miss)
441 http fetch GET 200 https://registry.npmjs.org/jsesc/-/jsesc-3.1.0.tgz 149ms (cache miss)
442 http fetch GET 200 https://registry.npmjs.org/@babel/helper-module-imports/-/helper-module-imports-7.27.1.tgz 153ms (cache miss)
443 http fetch GET 200 https://registry.npmjs.org/@babel/helper-validator-option/-/helper-validator-option-7.27.1.tgz 153ms (cache miss)
444 http fetch GET 200 https://registry.npmjs.org/@babel/compat-data/-/compat-data-7.28.5.tgz 159ms (cache miss)
445 http fetch GET 200 https://registry.npmjs.org/gensync/-/gensync-1.0.0-beta.2.tgz 229ms (cache miss)
446 http fetch GET 200 https://registry.npmjs.org/@babel/helper-validator-identifier/-/helper-validator-identifier-7.28.5.tgz 230ms (cache miss)
447 http fetch GET 200 https://registry.npmjs.org/convert-source-map/-/convert-source-map-2.0.0.tgz 241ms (cache miss)
448 http fetch GET 200 https://registry.npmjs.org/@babel/helper-globals/-/helper-globals-7.28.0.tgz 304ms (cache miss)
449 http fetch GET 200 https://registry.npmjs.org/@babel/helper-string-parser/-/helper-string-parser-7.27.1.tgz 309ms (cache miss)
450 http fetch GET 200 https://registry.npmjs.org/@babel/code-frame/-/code-frame-7.27.1.tgz 297ms (cache miss)
451 http fetch GET 200 https://registry.npmjs.org/esbuild 256ms (cache revalidated)
452 silly packumentCache corgi:https://registry.npmjs.org/esbuild set size:874529 disposed:false
453 silly packumentCache corgi:https://registry.npmjs.org/vite cache-miss
454 http fetch GET 200 https://registry.npmjs.org/@babel/plugin-transform-react-jsx-self/-/plugin-transform-react-jsx-self-7.27.1.tgz 307ms (cache miss)
455 http fetch GET 200 https://registry.npmjs.org/react-refresh/-/react-refresh-0.18.0.tgz 316ms (cache miss)
456 http fetch GET 200 https://registry.npmjs.org/@babel/plugin-transform-react-jsx-source/-/plugin-transform-react-jsx-source-7.27.1.tgz 310ms (cache miss)
457 http fetch GET 200 https://registry.npmjs.org/semver/-/semver-6.3.1.tgz 311ms (cache miss)
458 http fetch GET 200 https://registry.npmjs.org/semver/-/semver-6.3.1.tgz 316ms (cache miss)
459 http fetch GET 200 https://registry.npmjs.org/@types/babel__core/-/babel__core-7.20.5.tgz 324ms (cache miss)
460 http fetch GET 200 https://registry.npmjs.org/@jridgewell/resolve-uri/-/resolve-uri-3.1.2.tgz 360ms (cache miss)
461 http fetch GET 200 https://registry.npmjs.org/@rolldown/pluginutils/-/pluginutils-1.0.0-beta.47.tgz 341ms (cache miss)
462 http fetch GET 200 https://registry.npmjs.org/@vitejs/plugin-react/-/plugin-react-5.1.1.tgz 340ms (cache miss)
463 http fetch GET 200 https://registry.npmjs.org/@babel/template/-/template-7.27.2.tgz 371ms (cache miss)
464 http fetch GET 200 https://registry.npmjs.org/@babel/helper-compilation-targets/-/helper-compilation-targets-7.27.2.tgz 368ms (cache miss)
465 http fetch GET 200 https://registry.npmjs.org/json5/-/json5-2.2.3.tgz 385ms (cache miss)
466 http fetch GET 200 https://registry.npmjs.org/@babel/helper-module-transforms/-/helper-module-transforms-7.28.3.tgz 379ms (cache miss)
467 http fetch GET 200 https://registry.npmjs.org/@jridgewell/sourcemap-codec/-/sourcemap-codec-1.5.5.tgz 407ms (cache miss)
468 http fetch GET 200 https://registry.npmjs.org/@jridgewell/gen-mapping/-/gen-mapping-0.3.13.tgz 405ms (cache miss)
469 http fetch GET 200 https://registry.npmjs.org/@jridgewell/remapping/-/remapping-2.3.5.tgz 401ms (cache miss)
470 http fetch GET 200 https://registry.npmjs.org/vite 130ms (cache revalidated)
471 silly packumentCache corgi:https://registry.npmjs.org/vite set size:2127348 disposed:false
472 silly packumentCache corgi:https://registry.npmjs.org/@vitejs%2fplugin-react cache-miss
473 http fetch GET 200 https://registry.npmjs.org/@jridgewell/trace-mapping/-/trace-mapping-0.3.31.tgz 520ms (cache miss)
474 http fetch GET 200 https://registry.npmjs.org/@babel/parser/-/parser-7.28.5.tgz 512ms (cache miss)
475 http fetch GET 200 https://registry.npmjs.org/@babel/generator/-/generator-7.28.5.tgz 546ms (cache miss)
476 http fetch GET 200 https://registry.npmjs.org/@vitejs%2fplugin-react 76ms (cache miss)
477 silly packumentCache corgi:https://registry.npmjs.org/@vitejs%2fplugin-react set size:undefined disposed:false
478 http fetch GET 200 https://registry.npmjs.org/@babel/traverse/-/traverse-7.28.5.tgz 638ms (cache miss)
479 http fetch GET 200 https://registry.npmjs.org/@babel/core/-/core-7.28.5.tgz 721ms (cache miss)
480 http fetch GET 200 https://registry.npmjs.org/@babel/types/-/types-7.28.5.tgz 794ms (cache miss)
481 http fetch GET 200 https://registry.npmjs.org/@babel/helpers/-/helpers-7.28.4.tgz 830ms (cache miss)
482 http fetch GET 200 https://registry.npmjs.org/caniuse-lite/-/caniuse-lite-1.0.30001757.tgz 1075ms (cache miss)
483 silly ADD node_modules/escalade
484 silly ADD node_modules/yallist
485 silly ADD node_modules/update-browserslist-db
486 silly ADD node_modules/node-releases
487 silly ADD node_modules/electron-to-chromium
488 silly ADD node_modules/caniuse-lite
489 silly ADD node_modules/baseline-browser-mapping
490 silly ADD node_modules/@types/babel__traverse
491 silly ADD node_modules/@types/babel__template
492 silly ADD node_modules/@types/babel__generator
493 silly ADD node_modules/@jridgewell/resolve-uri
494 silly ADD node_modules/@jridgewell/sourcemap-codec
495 silly ADD node_modules/@babel/helper-string-parser
496 silly ADD node_modules/@babel/helper-globals
497 silly ADD node_modules/@babel/helper-plugin-utils
498 silly ADD node_modules/@babel/helper-module-imports
499 silly ADD node_modules/lru-cache
500 silly ADD node_modules/browserslist
501 silly ADD node_modules/@babel/helper-validator-option
502 silly ADD node_modules/@babel/compat-data
503 silly ADD node_modules/jsesc
504 silly ADD node_modules/@jridgewell/trace-mapping
505 silly ADD node_modules/@jridgewell/gen-mapping
506 silly ADD node_modules/@babel/helper-validator-identifier
507 silly ADD node_modules/json5
508 silly ADD node_modules/gensync
509 silly ADD node_modules/convert-source-map
510 silly ADD node_modules/@jridgewell/remapping
511 silly ADD node_modules/@babel/types
512 silly ADD node_modules/@babel/traverse
513 silly ADD node_modules/@babel/template
514 silly ADD node_modules/@babel/parser
515 silly ADD node_modules/@babel/helpers
516 silly ADD node_modules/@babel/helper-module-transforms
517 silly ADD node_modules/@babel/helper-compilation-targets
518 silly ADD node_modules/@babel/helper-compilation-targets/node_modules/semver
519 silly ADD node_modules/@babel/generator
520 silly ADD node_modules/@babel/code-frame
521 silly ADD node_modules/react-refresh
522 silly ADD node_modules/@types/babel__core
523 silly ADD node_modules/@rolldown/pluginutils
524 silly ADD node_modules/@babel/plugin-transform-react-jsx-source
525 silly ADD node_modules/@babel/plugin-transform-react-jsx-self
526 silly ADD node_modules/@babel/core
527 silly ADD node_modules/@babel/core/node_modules/semver
528 silly ADD node_modules/@vitejs/plugin-react
529 silly ADD node_modules/fsevents
530 verbose cwd /Users/brentbryson/Desktop/mini-rag/frontend-react
531 verbose os Darwin 24.6.0
532 verbose node v25.2.1
533 verbose npm  v11.6.2
534 verbose exit 0
535 info ok
